[debug] [2023-04-27T09:50:17.124Z] ----------------------------------------------------------------------
[debug] [2023-04-27T09:50:17.128Z] Command:       C:\Program Files\nodejs\node.exe C:\Users\vahermih\AppData\Roaming\npm\node_modules\firebase-tools\lib\bin\firebase.js deploy
[debug] [2023-04-27T09:50:17.129Z] CLI Version:   11.28.0
[debug] [2023-04-27T09:50:17.129Z] Platform:      win32
[debug] [2023-04-27T09:50:17.129Z] Node Version:  v16.13.1
[debug] [2023-04-27T09:50:17.131Z] Time:          Thu Apr 27 2023 12:50:17 GMT+0300 (Ida-Euroopa suveaeg)
[debug] [2023-04-27T09:50:17.131Z] ----------------------------------------------------------------------
[debug] 
[debug] [2023-04-27T09:50:17.138Z] >>> [apiv2][query] GET https://firebase-public.firebaseio.com/cli.json [none]
[debug] [2023-04-27T09:50:17.297Z] > command requires scopes: ["email","openid","https://www.googleapis.com/auth/cloudplatformprojects.readonly","https://www.googleapis.com/auth/firebase","https://www.googleapis.com/auth/cloud-platform"]
[debug] [2023-04-27T09:50:17.297Z] > authorizing via signed-in user (remihkel@gmail.com)
[debug] [2023-04-27T09:50:17.298Z] [iam] checking project mihkel-veebipood-04-2023 for permissions ["firebase.projects.get","firebasehosting.sites.update"]
[debug] [2023-04-27T09:50:17.299Z] > refreshing access token with scopes: []
[debug] [2023-04-27T09:50:17.301Z] >>> [apiv2][query] POST https://www.googleapis.com/oauth2/v3/token [none]
[debug] [2023-04-27T09:50:17.301Z] >>> [apiv2][body] POST https://www.googleapis.com/oauth2/v3/token [omitted]
[debug] [2023-04-27T09:50:17.611Z] <<< [apiv2][status] POST https://www.googleapis.com/oauth2/v3/token 200
[debug] [2023-04-27T09:50:17.612Z] <<< [apiv2][body] POST https://www.googleapis.com/oauth2/v3/token [omitted]
[debug] [2023-04-27T09:50:17.626Z] >>> [apiv2][query] POST https://cloudresourcemanager.googleapis.com/v1/projects/mihkel-veebipood-04-2023:testIamPermissions [none]
[debug] [2023-04-27T09:50:17.627Z] >>> [apiv2][(partial)header] POST https://cloudresourcemanager.googleapis.com/v1/projects/mihkel-veebipood-04-2023:testIamPermissions x-goog-quota-user=projects/mihkel-veebipood-04-2023
[debug] [2023-04-27T09:50:17.627Z] >>> [apiv2][body] POST https://cloudresourcemanager.googleapis.com/v1/projects/mihkel-veebipood-04-2023:testIamPermissions {"permissions":["firebase.projects.get","firebasehosting.sites.update"]}
[debug] [2023-04-27T09:50:17.782Z] <<< [apiv2][status] GET https://firebase-public.firebaseio.com/cli.json 200
[debug] [2023-04-27T09:50:17.782Z] <<< [apiv2][body] GET https://firebase-public.firebaseio.com/cli.json {"cloudBuildErrorAfter":1594252800000,"cloudBuildWarnAfter":1590019200000,"defaultNode10After":1594252800000,"minVersion":"3.0.5","node8DeploysDisabledAfter":1613390400000,"node8RuntimeDisabledAfter":1615809600000,"node8WarnAfter":1600128000000}
[debug] [2023-04-27T09:50:18.719Z] <<< [apiv2][status] POST https://cloudresourcemanager.googleapis.com/v1/projects/mihkel-veebipood-04-2023:testIamPermissions 200
[debug] [2023-04-27T09:50:18.719Z] <<< [apiv2][body] POST https://cloudresourcemanager.googleapis.com/v1/projects/mihkel-veebipood-04-2023:testIamPermissions {}
[debug] [2023-04-27T09:50:18.719Z] [iam] error while checking permissions, command may fail: FirebaseError: Authorization failed. This account is missing the following required permissions on project mihkel-veebipood-04-2023:

  firebase.projects.get
  firebasehosting.sites.update
[debug] [2023-04-27T09:50:18.721Z] >>> [apiv2][query] GET https://firebase.googleapis.com/v1beta1/projects/mihkel-veebipood-04-2023 [none]
[debug] [2023-04-27T09:50:19.176Z] <<< [apiv2][status] GET https://firebase.googleapis.com/v1beta1/projects/mihkel-veebipood-04-2023 403
[debug] [2023-04-27T09:50:19.176Z] <<< [apiv2][body] GET https://firebase.googleapis.com/v1beta1/projects/mihkel-veebipood-04-2023 {"error":{"code":403,"message":"The caller does not have permission","status":"PERMISSION_DENIED"}}
[debug] [2023-04-27T09:50:19.177Z] HTTP Error: 403, The caller does not have permission
[debug] [2023-04-27T09:50:19.180Z] FirebaseError: HTTP Error: 403, The caller does not have permission
    at responseToError (C:\Users\vahermih\AppData\Roaming\npm\node_modules\firebase-tools\lib\responseToError.js:49:12)
    at RetryOperation._fn (C:\Users\vahermih\AppData\Roaming\npm\node_modules\firebase-tools\lib\apiv2.js:288:77)
    at processTicksAndRejections (node:internal/process/task_queues:96:5)
[error] 
[error] Error: Failed to get Firebase project mihkel-veebipood-04-2023. Please make sure the project exists and your account has permission to access it.
